Performing C++ SOURCE FILE Test CMAKE_HAVE_LIBC_PTHREAD failed with the following output:
Change Dir: /workspace/h100_sgemm/build/CMakeFiles/CMakeTmp

Run Build Command(s):/usr/bin/gmake -f Makefile cmTC_1714c/fast && /usr/bin/gmake  -f CMakeFiles/cmTC_1714c.dir/build.make CMakeFiles/cmTC_1714c.dir/build
gmake[1]: Entering directory '/workspace/h100_sgemm/build/CMakeFiles/CMakeTmp'
Building CXX object CMakeFiles/cmTC_1714c.dir/src.cxx.o
/root/miniconda3/envs/h100sgemm_env/bin/x86_64-conda-linux-gnu-c++ -DCMAKE_HAVE_LIBC_PTHREAD  -fvisibility-inlines-hidden -std=c++17 -fmessage-length=0 -march=nocona -mtune=haswell -ftree-vectorize -fPIC -fstack-protector-strong -fno-plt -O2 -ffunction-sections -pipe -isystem /root/miniconda3/envs/h100sgemm_env/include  -I/root/miniconda3/envs/h100sgemm_env/targets/x86_64-linux/include  -L/root/miniconda3/envs/h100sgemm_env/targets/x86_64-linux/lib -L/root/miniconda3/envs/h100sgemm_env/targets/x86_64-linux/lib/stubs  -o CMakeFiles/cmTC_1714c.dir/src.cxx.o -c /workspace/h100_sgemm/build/CMakeFiles/CMakeTmp/src.cxx
Linking CXX executable cmTC_1714c
/usr/bin/cmake -E cmake_link_script CMakeFiles/cmTC_1714c.dir/link.txt --verbose=1
/root/miniconda3/envs/h100sgemm_env/bin/x86_64-conda-linux-gnu-c++ -fvisibility-inlines-hidden -std=c++17 -fmessage-length=0 -march=nocona -mtune=haswell -ftree-vectorize -fPIC -fstack-protector-strong -fno-plt -O2 -ffunction-sections -pipe -isystem /root/miniconda3/envs/h100sgemm_env/include  -I/root/miniconda3/envs/h100sgemm_env/targets/x86_64-linux/include  -L/root/miniconda3/envs/h100sgemm_env/targets/x86_64-linux/lib -L/root/miniconda3/envs/h100sgemm_env/targets/x86_64-linux/lib/stubs  -Wl,-O2 -Wl,--sort-common -Wl,--as-needed -Wl,-z,relro -Wl,-z,now -Wl,--disable-new-dtags -Wl,--gc-sections -Wl,-rpath,/root/miniconda3/envs/h100sgemm_env/lib -Wl,-rpath-link,/root/miniconda3/envs/h100sgemm_env/lib -L/root/miniconda3/envs/h100sgemm_env/lib  -L/root/miniconda3/envs/h100sgemm_env/targets/x86_64-linux/lib -L/root/miniconda3/envs/h100sgemm_env/targets/x86_64-linux/lib/stubs  CMakeFiles/cmTC_1714c.dir/src.cxx.o -o cmTC_1714c 
/root/miniconda3/envs/h100sgemm_env/bin/../lib/gcc/x86_64-conda-linux-gnu/11.2.0/../../../../x86_64-conda-linux-gnu/bin/ld: CMakeFiles/cmTC_1714c.dir/src.cxx.o: in function `main':
src.cxx:(.text.startup.main+0x24): undefined reference to `pthread_create'
/root/miniconda3/envs/h100sgemm_env/bin/../lib/gcc/x86_64-conda-linux-gnu/11.2.0/../../../../x86_64-conda-linux-gnu/bin/ld: src.cxx:(.text.startup.main+0x2e): undefined reference to `pthread_detach'
/root/miniconda3/envs/h100sgemm_env/bin/../lib/gcc/x86_64-conda-linux-gnu/11.2.0/../../../../x86_64-conda-linux-gnu/bin/ld: src.cxx:(.text.startup.main+0x38): undefined reference to `pthread_cancel'
/root/miniconda3/envs/h100sgemm_env/bin/../lib/gcc/x86_64-conda-linux-gnu/11.2.0/../../../../x86_64-conda-linux-gnu/bin/ld: src.cxx:(.text.startup.main+0x44): undefined reference to `pthread_join'
/root/miniconda3/envs/h100sgemm_env/bin/../lib/gcc/x86_64-conda-linux-gnu/11.2.0/../../../../x86_64-conda-linux-gnu/bin/ld: src.cxx:(.text.startup.main+0x50): undefined reference to `pthread_atfork'
collect2: error: ld returned 1 exit status
gmake[1]: *** [CMakeFiles/cmTC_1714c.dir/build.make:99: cmTC_1714c] Error 1
gmake[1]: Leaving directory '/workspace/h100_sgemm/build/CMakeFiles/CMakeTmp'
gmake: *** [Makefile:127: cmTC_1714c/fast] Error 2


Source file was:
#include <pthread.h>

static void* test_func(void* data)
{
  return data;
}

int main(void)
{
  pthread_t thread;
  pthread_create(&thread, NULL, test_func, NULL);
  pthread_detach(thread);
  pthread_cancel(thread);
  pthread_join(thread, NULL);
  pthread_atfork(NULL, NULL, NULL);
  pthread_exit(NULL);

  return 0;
}

Determining if the function pthread_create exists in the pthreads failed with the following output:
Change Dir: /workspace/h100_sgemm/build/CMakeFiles/CMakeTmp

Run Build Command(s):/usr/bin/gmake -f Makefile cmTC_39e8b/fast && /usr/bin/gmake  -f CMakeFiles/cmTC_39e8b.dir/build.make CMakeFiles/cmTC_39e8b.dir/build
gmake[1]: Entering directory '/workspace/h100_sgemm/build/CMakeFiles/CMakeTmp'
Building CXX object CMakeFiles/cmTC_39e8b.dir/CheckFunctionExists.cxx.o
/root/miniconda3/envs/h100sgemm_env/bin/x86_64-conda-linux-gnu-c++   -fvisibility-inlines-hidden -std=c++17 -fmessage-length=0 -march=nocona -mtune=haswell -ftree-vectorize -fPIC -fstack-protector-strong -fno-plt -O2 -ffunction-sections -pipe -isystem /root/miniconda3/envs/h100sgemm_env/include  -I/root/miniconda3/envs/h100sgemm_env/targets/x86_64-linux/include  -L/root/miniconda3/envs/h100sgemm_env/targets/x86_64-linux/lib -L/root/miniconda3/envs/h100sgemm_env/targets/x86_64-linux/lib/stubs -DCHECK_FUNCTION_EXISTS=pthread_create -o CMakeFiles/cmTC_39e8b.dir/CheckFunctionExists.cxx.o -c /workspace/h100_sgemm/build/CMakeFiles/CheckLibraryExists/CheckFunctionExists.cxx
Linking CXX executable cmTC_39e8b
/usr/bin/cmake -E cmake_link_script CMakeFiles/cmTC_39e8b.dir/link.txt --verbose=1
/root/miniconda3/envs/h100sgemm_env/bin/x86_64-conda-linux-gnu-c++ -fvisibility-inlines-hidden -std=c++17 -fmessage-length=0 -march=nocona -mtune=haswell -ftree-vectorize -fPIC -fstack-protector-strong -fno-plt -O2 -ffunction-sections -pipe -isystem /root/miniconda3/envs/h100sgemm_env/include  -I/root/miniconda3/envs/h100sgemm_env/targets/x86_64-linux/include  -L/root/miniconda3/envs/h100sgemm_env/targets/x86_64-linux/lib -L/root/miniconda3/envs/h100sgemm_env/targets/x86_64-linux/lib/stubs -DCHECK_FUNCTION_EXISTS=pthread_create -Wl,-O2 -Wl,--sort-common -Wl,--as-needed -Wl,-z,relro -Wl,-z,now -Wl,--disable-new-dtags -Wl,--gc-sections -Wl,-rpath,/root/miniconda3/envs/h100sgemm_env/lib -Wl,-rpath-link,/root/miniconda3/envs/h100sgemm_env/lib -L/root/miniconda3/envs/h100sgemm_env/lib  -L/root/miniconda3/envs/h100sgemm_env/targets/x86_64-linux/lib -L/root/miniconda3/envs/h100sgemm_env/targets/x86_64-linux/lib/stubs  CMakeFiles/cmTC_39e8b.dir/CheckFunctionExists.cxx.o -o cmTC_39e8b  -lpthreads 
/root/miniconda3/envs/h100sgemm_env/bin/../lib/gcc/x86_64-conda-linux-gnu/11.2.0/../../../../x86_64-conda-linux-gnu/bin/ld: cannot find -lpthreads: No such file or directory
collect2: error: ld returned 1 exit status
gmake[1]: *** [CMakeFiles/cmTC_39e8b.dir/build.make:99: cmTC_39e8b] Error 1
gmake[1]: Leaving directory '/workspace/h100_sgemm/build/CMakeFiles/CMakeTmp'
gmake: *** [Makefile:127: cmTC_39e8b/fast] Error 2



